This file contains any messages produced by compilers while
running configure, to aid debugging if configure makes a mistake.

It was created by Indri configure 2.11, which was
generated by GNU Autoconf 2.61.  Invocation command line was

  $ ./configure --enable-php

## --------- ##
## Platform. ##
## --------- ##

hostname = bazil
uname -m = i686
uname -r = 2.6.24-27-generic
uname -s = Linux
uname -v = #1 SMP Wed Jan 27 23:54:28 UTC 2010

/usr/bin/uname -p = unknown
/bin/uname -X     = unknown

/bin/arch              = unknown
/usr/bin/arch -k       = unknown
/usr/convex/getsysinfo = unknown
/usr/bin/hostinfo      = unknown
/bin/machine           = unknown
/usr/bin/oslevel       = unknown
/bin/universe          = unknown

PATH: /usr/local/sbin
PATH: /usr/local/bin
PATH: /usr/sbin
PATH: /usr/bin
PATH: /sbin
PATH: /bin
PATH: /usr/games


## ----------- ##
## Core tests. ##
## ----------- ##

configure:1801: checking build system type
configure:1819: result: i686-pc-linux-gnu
configure:1841: checking host system type
configure:1856: result: i686-pc-linux-gnu
configure:1927: checking for gcc
configure:1943: found /usr/bin/gcc
configure:1954: result: gcc
configure:2192: checking for C compiler version
configure:2199: gcc --version >&5
gcc (GCC) 4.2.4 (Ubuntu 4.2.4-1ubuntu4)
Copyright (C) 2007 Free Software Foundation, Inc.
This is free software; see the source for copying conditions.  There is NO
warranty; not even for MERCHANTABILITY or FITNESS FOR A PARTICULAR PURPOSE.

configure:2202: $? = 0
configure:2209: gcc -v >&5
Using built-in specs.
Target: i486-linux-gnu
Configured with: ../src/configure -v --enable-languages=c,c++,fortran,objc,obj-c++,treelang --prefix=/usr --enable-shared --with-system-zlib --libexecdir=/usr/lib --without-included-gettext --enable-threads=posix --enable-nls --with-gxx-include-dir=/usr/include/c++/4.2 --program-suffix=-4.2 --enable-clocale=gnu --enable-libstdcxx-debug --enable-objc-gc --enable-mpfr --enable-targets=all --enable-checking=release --build=i486-linux-gnu --host=i486-linux-gnu --target=i486-linux-gnu
Thread model: posix
gcc version 4.2.4 (Ubuntu 4.2.4-1ubuntu4)
configure:2212: $? = 0
configure:2219: gcc -V >&5
gcc: '-V' option must have argument
configure:2222: $? = 1
configure:2245: checking for C compiler default output file name
configure:2272: gcc -g -O3   conftest.c  >&5
configure:2275: $? = 0
configure:2313: result: a.out
configure:2330: checking whether the C compiler works
configure:2340: ./a.out
configure:2343: $? = 0
configure:2360: result: yes
configure:2367: checking whether we are cross compiling
configure:2369: result: no
configure:2372: checking for suffix of executables
configure:2379: gcc -o conftest -g -O3   conftest.c  >&5
configure:2382: $? = 0
configure:2406: result: 
configure:2412: checking for suffix of object files
configure:2438: gcc -c -g -O3  conftest.c >&5
configure:2441: $? = 0
configure:2464: result: o
configure:2468: checking whether we are using the GNU C compiler
configure:2497: gcc -c -g -O3  conftest.c >&5
configure:2503: $? = 0
configure:2520: result: yes
configure:2525: checking whether gcc accepts -g
configure:2555: gcc -c -g  conftest.c >&5
configure:2561: $? = 0
configure:2660: result: yes
configure:2677: checking for gcc option to accept ISO C89
configure:2751: gcc  -c -g -O3  conftest.c >&5
configure:2757: $? = 0
configure:2780: result: none needed
configure:2856: checking for g++
configure:2872: found /usr/bin/g++
configure:2883: result: g++
configure:2914: checking for C++ compiler version
configure:2921: g++ --version >&5
g++ (GCC) 4.2.4 (Ubuntu 4.2.4-1ubuntu4)
Copyright (C) 2007 Free Software Foundation, Inc.
This is free software; see the source for copying conditions.  There is NO
warranty; not even for MERCHANTABILITY or FITNESS FOR A PARTICULAR PURPOSE.

configure:2924: $? = 0
configure:2931: g++ -v >&5
Using built-in specs.
Target: i486-linux-gnu
Configured with: ../src/configure -v --enable-languages=c,c++,fortran,objc,obj-c++,treelang --prefix=/usr --enable-shared --with-system-zlib --libexecdir=/usr/lib --without-included-gettext --enable-threads=posix --enable-nls --with-gxx-include-dir=/usr/include/c++/4.2 --program-suffix=-4.2 --enable-clocale=gnu --enable-libstdcxx-debug --enable-objc-gc --enable-mpfr --enable-targets=all --enable-checking=release --build=i486-linux-gnu --host=i486-linux-gnu --target=i486-linux-gnu
Thread model: posix
gcc version 4.2.4 (Ubuntu 4.2.4-1ubuntu4)
configure:2934: $? = 0
configure:2941: g++ -V >&5
g++: '-V' option must have argument
configure:2944: $? = 1
configure:2947: checking whether we are using the GNU C++ compiler
configure:2976: g++ -c -g -O3  conftest.cpp >&5
configure:2982: $? = 0
configure:2999: result: yes
configure:3004: checking whether g++ accepts -g
configure:3034: g++ -c -g  conftest.cpp >&5
configure:3040: $? = 0
configure:3139: result: yes
configure:3167: checking for flex
configure:3197: result: no
configure:3167: checking for lex
configure:3197: result: no
configure:3380: checking for a BSD-compatible install
configure:3436: result: /usr/bin/install -c
configure:3451: checking for ar
configure:3469: found /usr/bin/ar
configure:3481: result: /usr/bin/ar
configure:3498: checking for a supported version of gcc
configure:3531: result: ok (4.2.4)
configure:3545: checking for log in -lm
configure:3580: gcc -o conftest -g -O3   conftest.c -lm   >&5
conftest.c:16: warning: conflicting types for built-in function 'log'
configure:3586: $? = 0
configure:3604: result: yes
configure:3616: checking for pthread_create in -lpthread
configure:3651: gcc -o conftest -g -O3   conftest.c -lpthread  -lm  >&5
configure:3657: $? = 0
configure:3675: result: yes
configure:3863: checking for deflate in -lz
configure:3898: gcc -o conftest -g -O3   conftest.c -lz  -lpthread -lm  >&5
configure:3904: $? = 0
configure:3922: result: yes
configure:3934: checking for mkstemps in -liberty
configure:3969: gcc -o conftest -g -O3   conftest.c -liberty  -lz -lpthread -lm  >&5
/usr/bin/ld: cannot find -liberty
collect2: ld returned 1 exit status
configure:3975: $? = 1
configure: failed program was:
| /* confdefs.h.  */
| #define PACKAGE_NAME "Indri"
| #define PACKAGE_TARNAME "indri"
| #define PACKAGE_VERSION "2.11"
| #define PACKAGE_STRING "Indri 2.11"
| #define PACKAGE_BUGREPORT "indri-info@ciir.cs.umass.edu"
| #define INDRI_STANDALONE 1
| #define HAVE_LIBM 1
| #define HAVE_LIBPTHREAD 1
| #define HAVE_LIBZ 1
| /* end confdefs.h.  */
| 
| /* Override any GCC internal prototype to avoid an error.
|    Use char because int might match the return type of a GCC
|    builtin and then its argument prototype would still apply.  */
| #ifdef __cplusplus
| extern "C"
| #endif
| char mkstemps ();
| int
| main ()
| {
| return mkstemps ();
|   ;
|   return 0;
| }
configure:3993: result: no
configure:4012: checking whether C++ namespaces are supported
configure:4041: g++ -c -g -O3  conftest.cpp >&5
configure:4047: $? = 0
configure:4067: result: yes
configure:4077: checking whether isnan is in namespace std
configure:4108: g++ -c -g -O3  conftest.cpp >&5
configure:4114: $? = 0
configure:4134: result: yes
configure:4144: checking whether isnan is in namespace __gnu_cxx
configure:4175: g++ -c -g -O3  conftest.cpp >&5
conftest.cpp: In function 'int lemur::isnan(float)':
conftest.cpp:15: error: 'isnan' is not a member of '__gnu_cxx'
configure:4181: $? = 1
configure: failed program was:
| /* confdefs.h.  */
| #define PACKAGE_NAME "Indri"
| #define PACKAGE_TARNAME "indri"
| #define PACKAGE_VERSION "2.11"
| #define PACKAGE_STRING "Indri 2.11"
| #define PACKAGE_BUGREPORT "indri-info@ciir.cs.umass.edu"
| #define INDRI_STANDALONE 1
| #define HAVE_LIBM 1
| #define HAVE_LIBPTHREAD 1
| #define HAVE_LIBZ 1
| #define HAVE_NAMESPACES
| #define ISNAN_IN_NAMESPACE_STD
| /* end confdefs.h.  */
| #include <cmath>
| 	   namespace lemur { int isnan(float x){ return __gnu_cxx::isnan(x); } };
| int
| main ()
| {
| 
| 	   using namespace lemur; float x = 1.0; lemur::isnan(x); return 0;
|   ;
|   return 0;
| }
configure:4201: result: no
configure:4215: checking how to run the C preprocessor
configure:4255: gcc -E  conftest.c
configure:4261: $? = 0
configure:4292: gcc -E  conftest.c
conftest.c:14:28: error: ac_nonexistent.h: No such file or directory
configure:4298: $? = 1
configure: failed program was:
| /* confdefs.h.  */
| #define PACKAGE_NAME "Indri"
| #define PACKAGE_TARNAME "indri"
| #define PACKAGE_VERSION "2.11"
| #define PACKAGE_STRING "Indri 2.11"
| #define PACKAGE_BUGREPORT "indri-info@ciir.cs.umass.edu"
| #define INDRI_STANDALONE 1
| #define HAVE_LIBM 1
| #define HAVE_LIBPTHREAD 1
| #define HAVE_LIBZ 1
| #define HAVE_NAMESPACES
| #define ISNAN_IN_NAMESPACE_STD
| /* end confdefs.h.  */
| #include <ac_nonexistent.h>
configure:4331: result: gcc -E
configure:4360: gcc -E  conftest.c
configure:4366: $? = 0
configure:4397: gcc -E  conftest.c
conftest.c:14:28: error: ac_nonexistent.h: No such file or directory
configure:4403: $? = 1
configure: failed program was:
| /* confdefs.h.  */
| #define PACKAGE_NAME "Indri"
| #define PACKAGE_TARNAME "indri"
| #define PACKAGE_VERSION "2.11"
| #define PACKAGE_STRING "Indri 2.11"
| #define PACKAGE_BUGREPORT "indri-info@ciir.cs.umass.edu"
| #define INDRI_STANDALONE 1
| #define HAVE_LIBM 1
| #define HAVE_LIBPTHREAD 1
| #define HAVE_LIBZ 1
| #define HAVE_NAMESPACES
| #define ISNAN_IN_NAMESPACE_STD
| /* end confdefs.h.  */
| #include <ac_nonexistent.h>
configure:4441: checking for grep that handles long lines and -e
configure:4515: result: /bin/grep
configure:4520: checking for egrep
configure:4598: result: /bin/grep -E
configure:4603: checking for ANSI C header files
configure:4633: gcc -c -g -O3  conftest.c >&5
configure:4639: $? = 0
configure:4738: gcc -o conftest -g -O3   conftest.c -lz -lpthread -lm  >&5
configure:4741: $? = 0
configure:4747: ./conftest
configure:4750: $? = 0
configure:4767: result: yes
configure:4791: checking for sys/types.h
configure:4812: gcc -c -g -O3  conftest.c >&5
configure:4818: $? = 0
configure:4834: result: yes
configure:4791: checking for sys/stat.h
configure:4812: gcc -c -g -O3  conftest.c >&5
configure:4818: $? = 0
configure:4834: result: yes
configure:4791: checking for stdlib.h
configure:4812: gcc -c -g -O3  conftest.c >&5
configure:4818: $? = 0
configure:4834: result: yes
configure:4791: checking for string.h
configure:4812: gcc -c -g -O3  conftest.c >&5
configure:4818: $? = 0
configure:4834: result: yes
configure:4791: checking for memory.h
configure:4812: gcc -c -g -O3  conftest.c >&5
configure:4818: $? = 0
configure:4834: result: yes
configure:4791: checking for strings.h
configure:4812: gcc -c -g -O3  conftest.c >&5
configure:4818: $? = 0
configure:4834: result: yes
configure:4791: checking for inttypes.h
configure:4812: gcc -c -g -O3  conftest.c >&5
configure:4818: $? = 0
configure:4834: result: yes
configure:4791: checking for stdint.h
configure:4812: gcc -c -g -O3  conftest.c >&5
configure:4818: $? = 0
configure:4834: result: yes
configure:4791: checking for unistd.h
configure:4812: gcc -c -g -O3  conftest.c >&5
configure:4818: $? = 0
configure:4834: result: yes
configure:4846: checking whether byte ordering is bigendian
configure:4879: gcc -c -g -O3  conftest.c >&5
configure:4885: $? = 0
configure:4917: gcc -c -g -O3  conftest.c >&5
conftest.c: In function 'main':
conftest.c:31: error: 'not' undeclared (first use in this function)
conftest.c:31: error: (Each undeclared identifier is reported only once
conftest.c:31: error: for each function it appears in.)
conftest.c:31: error: expected ';' before 'big'
configure:4923: $? = 1
configure: failed program was:
| /* confdefs.h.  */
| #define PACKAGE_NAME "Indri"
| #define PACKAGE_TARNAME "indri"
| #define PACKAGE_VERSION "2.11"
| #define PACKAGE_STRING "Indri 2.11"
| #define PACKAGE_BUGREPORT "indri-info@ciir.cs.umass.edu"
| #define INDRI_STANDALONE 1
| #define HAVE_LIBM 1
| #define HAVE_LIBPTHREAD 1
| #define HAVE_LIBZ 1
| #define HAVE_NAMESPACES
| #define ISNAN_IN_NAMESPACE_STD
| #define STDC_HEADERS 1
| #define HAVE_SYS_TYPES_H 1
| #define HAVE_SYS_STAT_H 1
| #define HAVE_STDLIB_H 1
| #define HAVE_STRING_H 1
| #define HAVE_MEMORY_H 1
| #define HAVE_STRINGS_H 1
| #define HAVE_INTTYPES_H 1
| #define HAVE_STDINT_H 1
| #define HAVE_UNISTD_H 1
| /* end confdefs.h.  */
| #include <sys/types.h>
| #include <sys/param.h>
| 
| int
| main ()
| {
| #if BYTE_ORDER != BIG_ENDIAN
|  not big endian
| #endif
| 
|   ;
|   return 0;
| }
configure:5063: result: no
configure:5089: checking for special C compiler options needed for large files
configure:5182: result: no
configure:5188: checking for _FILE_OFFSET_BITS value needed for large files
configure:5223: gcc -c -g -O3  conftest.c >&5
conftest.c:30: warning: left shift count >= width of type
conftest.c:30: warning: left shift count >= width of type
conftest.c:32: error: size of array 'off_t_is_large' is negative
configure:5229: $? = 1
configure: failed program was:
| /* confdefs.h.  */
| #define PACKAGE_NAME "Indri"
| #define PACKAGE_TARNAME "indri"
| #define PACKAGE_VERSION "2.11"
| #define PACKAGE_STRING "Indri 2.11"
| #define PACKAGE_BUGREPORT "indri-info@ciir.cs.umass.edu"
| #define INDRI_STANDALONE 1
| #define HAVE_LIBM 1
| #define HAVE_LIBPTHREAD 1
| #define HAVE_LIBZ 1
| #define HAVE_NAMESPACES
| #define ISNAN_IN_NAMESPACE_STD
| #define STDC_HEADERS 1
| #define HAVE_SYS_TYPES_H 1
| #define HAVE_SYS_STAT_H 1
| #define HAVE_STDLIB_H 1
| #define HAVE_STRING_H 1
| #define HAVE_MEMORY_H 1
| #define HAVE_STRINGS_H 1
| #define HAVE_INTTYPES_H 1
| #define HAVE_STDINT_H 1
| #define HAVE_UNISTD_H 1
| /* end confdefs.h.  */
| #include <sys/types.h>
|  /* Check that off_t can represent 2**63 - 1 correctly.
|     We can't simply define LARGE_OFF_T to be 9223372036854775807,
|     since some C++ compilers masquerading as C compilers
|     incorrectly reject 9223372036854775807.  */
| #define LARGE_OFF_T (((off_t) 1 << 62) - 1 + ((off_t) 1 << 62))
|   int off_t_is_large[(LARGE_OFF_T % 2147483629 == 721
| 		       && LARGE_OFF_T % 2147483647 == 1)
| 		      ? 1 : -1];
| int
| main ()
| {
| 
|   ;
|   return 0;
| }
configure:5273: gcc -c -g -O3  conftest.c >&5
configure:5279: $? = 0
configure:5297: result: 64
configure:5432: checking for _LARGEFILE_SOURCE value needed for large files
configure:5459: gcc -o conftest -g -O3   conftest.c -lz -lpthread -lm  >&5
configure:5465: $? = 0
configure:5529: result: no
configure:5567: checking how to run the C++ preprocessor
configure:5603: g++ -E  conftest.cpp
configure:5609: $? = 0
configure:5640: g++ -E  conftest.cpp
conftest.cpp:26:28: error: ac_nonexistent.h: No such file or directory
configure:5646: $? = 1
configure: failed program was:
| /* confdefs.h.  */
| #define PACKAGE_NAME "Indri"
| #define PACKAGE_TARNAME "indri"
| #define PACKAGE_VERSION "2.11"
| #define PACKAGE_STRING "Indri 2.11"
| #define PACKAGE_BUGREPORT "indri-info@ciir.cs.umass.edu"
| #define INDRI_STANDALONE 1
| #define HAVE_LIBM 1
| #define HAVE_LIBPTHREAD 1
| #define HAVE_LIBZ 1
| #define HAVE_NAMESPACES
| #define ISNAN_IN_NAMESPACE_STD
| #define STDC_HEADERS 1
| #define HAVE_SYS_TYPES_H 1
| #define HAVE_SYS_STAT_H 1
| #define HAVE_STDLIB_H 1
| #define HAVE_STRING_H 1
| #define HAVE_MEMORY_H 1
| #define HAVE_STRINGS_H 1
| #define HAVE_INTTYPES_H 1
| #define HAVE_STDINT_H 1
| #define HAVE_UNISTD_H 1
| #define _FILE_OFFSET_BITS 64
| #define HAVE_FSEEKO 1
| /* end confdefs.h.  */
| #include <ac_nonexistent.h>
configure:5679: result: g++ -E
configure:5708: g++ -E  conftest.cpp
configure:5714: $? = 0
configure:5745: g++ -E  conftest.cpp
conftest.cpp:26:28: error: ac_nonexistent.h: No such file or directory
configure:5751: $? = 1
configure: failed program was:
| /* confdefs.h.  */
| #define PACKAGE_NAME "Indri"
| #define PACKAGE_TARNAME "indri"
| #define PACKAGE_VERSION "2.11"
| #define PACKAGE_STRING "Indri 2.11"
| #define PACKAGE_BUGREPORT "indri-info@ciir.cs.umass.edu"
| #define INDRI_STANDALONE 1
| #define HAVE_LIBM 1
| #define HAVE_LIBPTHREAD 1
| #define HAVE_LIBZ 1
| #define HAVE_NAMESPACES
| #define ISNAN_IN_NAMESPACE_STD
| #define STDC_HEADERS 1
| #define HAVE_SYS_TYPES_H 1
| #define HAVE_SYS_STAT_H 1
| #define HAVE_STDLIB_H 1
| #define HAVE_STRING_H 1
| #define HAVE_MEMORY_H 1
| #define HAVE_STRINGS_H 1
| #define HAVE_INTTYPES_H 1
| #define HAVE_STDINT_H 1
| #define HAVE_UNISTD_H 1
| #define _FILE_OFFSET_BITS 64
| #define HAVE_FSEEKO 1
| /* end confdefs.h.  */
| #include <ac_nonexistent.h>
configure:5804: checking bits/atomicity.h usability
configure:5821: g++ -c -g -O3  conftest.cpp >&5
conftest.cpp:59:28: error: bits/atomicity.h: No such file or directory
configure:5827: $? = 1
configure: failed program was:
| /* confdefs.h.  */
| #define PACKAGE_NAME "Indri"
| #define PACKAGE_TARNAME "indri"
| #define PACKAGE_VERSION "2.11"
| #define PACKAGE_STRING "Indri 2.11"
| #define PACKAGE_BUGREPORT "indri-info@ciir.cs.umass.edu"
| #define INDRI_STANDALONE 1
| #define HAVE_LIBM 1
| #define HAVE_LIBPTHREAD 1
| #define HAVE_LIBZ 1
| #define HAVE_NAMESPACES
| #define ISNAN_IN_NAMESPACE_STD
| #define STDC_HEADERS 1
| #define HAVE_SYS_TYPES_H 1
| #define HAVE_SYS_STAT_H 1
| #define HAVE_STDLIB_H 1
| #define HAVE_STRING_H 1
| #define HAVE_MEMORY_H 1
| #define HAVE_STRINGS_H 1
| #define HAVE_INTTYPES_H 1
| #define HAVE_STDINT_H 1
| #define HAVE_UNISTD_H 1
| #define _FILE_OFFSET_BITS 64
| #define HAVE_FSEEKO 1
| /* end confdefs.h.  */
| #include <stdio.h>
| #ifdef HAVE_SYS_TYPES_H
| # include <sys/types.h>
| #endif
| #ifdef HAVE_SYS_STAT_H
| # include <sys/stat.h>
| #endif
| #ifdef STDC_HEADERS
| # include <stdlib.h>
| # include <stddef.h>
| #else
| # ifdef HAVE_STDLIB_H
| #  include <stdlib.h>
| # endif
| #endif
| #ifdef HAVE_STRING_H
| # if !defined STDC_HEADERS && defined HAVE_MEMORY_H
| #  include <memory.h>
| # endif
| # include <string.h>
| #endif
| #ifdef HAVE_STRINGS_H
| # include <strings.h>
| #endif
| #ifdef HAVE_INTTYPES_H
| # include <inttypes.h>
| #endif
| #ifdef HAVE_STDINT_H
| # include <stdint.h>
| #endif
| #ifdef HAVE_UNISTD_H
| # include <unistd.h>
| #endif
| #include <bits/atomicity.h>
configure:5841: result: no
configure:5845: checking bits/atomicity.h presence
configure:5860: g++ -E  conftest.cpp
conftest.cpp:26:28: error: bits/atomicity.h: No such file or directory
configure:5866: $? = 1
configure: failed program was:
| /* confdefs.h.  */
| #define PACKAGE_NAME "Indri"
| #define PACKAGE_TARNAME "indri"
| #define PACKAGE_VERSION "2.11"
| #define PACKAGE_STRING "Indri 2.11"
| #define PACKAGE_BUGREPORT "indri-info@ciir.cs.umass.edu"
| #define INDRI_STANDALONE 1
| #define HAVE_LIBM 1
| #define HAVE_LIBPTHREAD 1
| #define HAVE_LIBZ 1
| #define HAVE_NAMESPACES
| #define ISNAN_IN_NAMESPACE_STD
| #define STDC_HEADERS 1
| #define HAVE_SYS_TYPES_H 1
| #define HAVE_SYS_STAT_H 1
| #define HAVE_STDLIB_H 1
| #define HAVE_STRING_H 1
| #define HAVE_MEMORY_H 1
| #define HAVE_STRINGS_H 1
| #define HAVE_INTTYPES_H 1
| #define HAVE_STDINT_H 1
| #define HAVE_UNISTD_H 1
| #define _FILE_OFFSET_BITS 64
| #define HAVE_FSEEKO 1
| /* end confdefs.h.  */
| #include <bits/atomicity.h>
configure:5880: result: no
configure:5913: checking for bits/atomicity.h
configure:5921: result: no
configure:5949: checking ext/atomicity.h usability
configure:5966: g++ -c -g -O3  conftest.cpp >&5
configure:5972: $? = 0
configure:5986: result: yes
configure:5990: checking ext/atomicity.h presence
configure:6005: g++ -E  conftest.cpp
configure:6011: $? = 0
configure:6025: result: yes
configure:6058: checking for ext/atomicity.h
configure:6066: result: yes
configure:6179: checking for mkstemp
configure:6235: gcc -o conftest -g -O3   conftest.c -lz -lpthread -lm  >&5
configure:6241: $? = 0
configure:6259: result: yes
configure:6273: checking for mkstemps
configure:6329: gcc -o conftest -g -O3   conftest.c -lz -lpthread -lm  >&5
/tmp/cc2Frf9D.o: In function `main':
/home/gyurmi/projects/sefhBranch/sefh/indri/conftest.c:63: undefined reference to `mkstemps'
collect2: ld returned 1 exit status
configure:6335: $? = 1
configure: failed program was:
| /* confdefs.h.  */
| #define PACKAGE_NAME "Indri"
| #define PACKAGE_TARNAME "indri"
| #define PACKAGE_VERSION "2.11"
| #define PACKAGE_STRING "Indri 2.11"
| #define PACKAGE_BUGREPORT "indri-info@ciir.cs.umass.edu"
| #define INDRI_STANDALONE 1
| #define HAVE_LIBM 1
| #define HAVE_LIBPTHREAD 1
| #define HAVE_LIBZ 1
| #define HAVE_NAMESPACES
| #define ISNAN_IN_NAMESPACE_STD
| #define STDC_HEADERS 1
| #define HAVE_SYS_TYPES_H 1
| #define HAVE_SYS_STAT_H 1
| #define HAVE_STDLIB_H 1
| #define HAVE_STRING_H 1
| #define HAVE_MEMORY_H 1
| #define HAVE_STRINGS_H 1
| #define HAVE_INTTYPES_H 1
| #define HAVE_STDINT_H 1
| #define HAVE_UNISTD_H 1
| #define _FILE_OFFSET_BITS 64
| #define HAVE_FSEEKO 1
| #define HAVE_EXT_ATOMICITY_H 1
| #define P_NEEDS_GNU_CXX_NAMESPACE 1
| #define HAVE_MKSTEMP 1
| /* end confdefs.h.  */
| /* Define mkstemps to an innocuous variant, in case <limits.h> declares mkstemps.
|    For example, HP-UX 11i <limits.h> declares gettimeofday.  */
| #define mkstemps innocuous_mkstemps
| 
| /* System header to define __stub macros and hopefully few prototypes,
|     which can conflict with char mkstemps (); below.
|     Prefer <limits.h> to <assert.h> if __STDC__ is defined, since
|     <limits.h> exists even on freestanding compilers.  */
| 
| #ifdef __STDC__
| # include <limits.h>
| #else
| # include <assert.h>
| #endif
| 
| #undef mkstemps
| 
| /* Override any GCC internal prototype to avoid an error.
|    Use char because int might match the return type of a GCC
|    builtin and then its argument prototype would still apply.  */
| #ifdef __cplusplus
| extern "C"
| #endif
| char mkstemps ();
| /* The GNU C library defines this for functions which it implements
|     to always fail with ENOSYS.  Some functions are actually named
|     something starting with __ and the normal name is an alias.  */
| #if defined __stub_mkstemps || defined __stub___mkstemps
| choke me
| #endif
| 
| int
| main ()
| {
| return mkstemps ();
|   ;
|   return 0;
| }
configure:6353: result: no
configure:6629: checking for php-config
configure:6647: found /usr/bin/php-config
configure:6659: result: /usr/bin/php-config
configure:6675: checking for php includes
configure:6678: result: found
configure:6752: checking for swig
configure:6785: result: no
configure:6955: creating ./config.status

## ---------------------- ##
## Running config.status. ##
## ---------------------- ##

This file was extended by Indri config.status 2.11, which was
generated by GNU Autoconf 2.61.  Invocation command line was

  CONFIG_FILES    = 
  CONFIG_HEADERS  = 
  CONFIG_LINKS    = 
  CONFIG_COMMANDS = 
  $ ./config.status 

on bazil

config.status:623: creating MakeDefns
config.status:758: WARNING:  MakeDefns.in seems to ignore the --datarootdir setting
config.status:623: creating Makefile.app
config.status:623: creating site-search/build.param
config.status:623: creating site-search/crawl-index
config.status:623: creating site-search/seeds.txt
config.status:623: creating site-search/excluded_hosts

## ---------------- ##
## Cache variables. ##
## ---------------- ##

ac_cv_build=i686-pc-linux-gnu
ac_cv_c_bigendian=no
ac_cv_c_compiler_gnu=yes
ac_cv_cxx_compiler_gnu=yes
ac_cv_cxx_isnan_gnu_cxx=no
ac_cv_cxx_isnan_std=yes
ac_cv_cxx_namespaces=yes
ac_cv_env_CCC_set=
ac_cv_env_CCC_value=
ac_cv_env_CC_set=
ac_cv_env_CC_value=
ac_cv_env_CFLAGS_set=
ac_cv_env_CFLAGS_value=
ac_cv_env_CPPFLAGS_set=
ac_cv_env_CPPFLAGS_value=
ac_cv_env_CPP_set=
ac_cv_env_CPP_value=
ac_cv_env_CXXCPP_set=
ac_cv_env_CXXCPP_value=
ac_cv_env_CXXFLAGS_set=
ac_cv_env_CXXFLAGS_value=
ac_cv_env_CXX_set=
ac_cv_env_CXX_value=
ac_cv_env_LDFLAGS_set=
ac_cv_env_LDFLAGS_value=
ac_cv_env_LIBS_set=
ac_cv_env_LIBS_value=
ac_cv_env_build_alias_set=
ac_cv_env_build_alias_value=
ac_cv_env_host_alias_set=
ac_cv_env_host_alias_value=
ac_cv_env_target_alias_set=
ac_cv_env_target_alias_value=
ac_cv_func_mkstemp=yes
ac_cv_func_mkstemps=no
ac_cv_header_bits_atomicity_h=no
ac_cv_header_ext_atomicity_h=yes
ac_cv_header_inttypes_h=yes
ac_cv_header_memory_h=yes
ac_cv_header_stdc=yes
ac_cv_header_stdint_h=yes
ac_cv_header_stdlib_h=yes
ac_cv_header_string_h=yes
ac_cv_header_strings_h=yes
ac_cv_header_sys_stat_h=yes
ac_cv_header_sys_types_h=yes
ac_cv_header_unistd_h=yes
ac_cv_host=i686-pc-linux-gnu
ac_cv_lib_iberty_mkstemps=no
ac_cv_lib_m_log=yes
ac_cv_lib_pthread_pthread_create=yes
ac_cv_lib_z_deflate=yes
ac_cv_objext=o
ac_cv_path_AR=/usr/bin/ar
ac_cv_path_EGREP='/bin/grep -E'
ac_cv_path_GREP=/bin/grep
ac_cv_path_PHPCONFIG=/usr/bin/php-config
ac_cv_path_install='/usr/bin/install -c'
ac_cv_prog_CPP='gcc -E'
ac_cv_prog_CXXCPP='g++ -E'
ac_cv_prog_ac_ct_CC=gcc
ac_cv_prog_ac_ct_CXX=g++
ac_cv_prog_cc_c89=
ac_cv_prog_cc_g=yes
ac_cv_prog_cxx_g=yes
ac_cv_sys_file_offset_bits=64
ac_cv_sys_largefile_CC=no
ac_cv_sys_largefile_source=no

## ----------------- ##
## Output variables. ##
## ----------------- ##

AR='/usr/bin/ar'
CC='gcc'
CFLAGS='-g -O3'
CPP='gcc -E'
CPPFLAGS=''
CSHARP_SHARED='-shared'
CSHARP_SO='.so'
CXX='g++'
CXXCPP='g++ -E'
CXXFLAGS='-g -O3'
DEFS='-DPACKAGE_NAME=\"Indri\" -DPACKAGE_TARNAME=\"indri\" -DPACKAGE_VERSION=\"2.11\" -DPACKAGE_STRING=\"Indri\ 2.11\" -DPACKAGE_BUGREPORT=\"indri-info@ciir.cs.umass.edu\" -DINDRI_STANDALONE=1 -DHAVE_LIBM=1 -DHAVE_LIBPTHREAD=1 -DHAVE_LIBZ=1 -DHAVE_NAMESPACES= -DISNAN_IN_NAMESPACE_STD= -DSTDC_HEADERS=1 -DHAVE_SYS_TYPES_H=1 -DHAVE_SYS_STAT_H=1 -DHAVE_STDLIB_H=1 -DHAVE_STRING_H=1 -DHAVE_MEMORY_H=1 -DHAVE_STRINGS_H=1 -DHAVE_INTTYPES_H=1 -DHAVE_STDINT_H=1 -DHAVE_UNISTD_H=1 -D_FILE_OFFSET_BITS=64 -DHAVE_FSEEKO=1 -DHAVE_EXT_ATOMICITY_H=1 -DP_NEEDS_GNU_CXX_NAMESPACE=1 -DHAVE_MKSTEMP=1 -DNDEBUG=1'
ECHO_C=''
ECHO_N='-n'
ECHO_T=''
EGREP='/bin/grep -E'
EXEEXT=''
GCC_33='0'
GREP='/bin/grep'
INDRI_STANDALONE='1'
INSTALL_DATA='${INSTALL} -m 644'
INSTALL_PROGRAM='${INSTALL}'
INSTALL_SCRIPT='${INSTALL}'
JAR=''
JAVAC=''
JAVADOC=''
JAVAHOME=''
JAVAINC=''
JAVA_SHARED='-shared'
JAVA_SO='.so'
LDFLAGS=''
LEX=':'
LEXLIB=''
LEX_OUTPUT_ROOT=''
LIBOBJS=''
LIBS='-lz -lpthread -lm '
LTLIBOBJS=''
MCS=''
NEED_ANTLR='1'
OBJEXT='o'
PACKAGE_BUGREPORT='indri-info@ciir.cs.umass.edu'
PACKAGE_NAME='Indri'
PACKAGE_STRING='Indri 2.11'
PACKAGE_TARNAME='indri'
PACKAGE_VERSION='2.11'
PATH_SEPARATOR=':'
PHPCONFIG='/usr/bin/php-config'
PHPINCLUDE='-I/usr/include/php5 -I/usr/include/php5/main -I/usr/include/php5/TSRM -I/usr/include/php5/Zend -I/usr/include/php5/ext -I/usr/include/php5/ext/date/lib -D_LARGEFILE_SOURCE -D_FILE_OFFSET_BITS=64'
PHP_SHARED='-shared'
PHP_SO='.so'
SHARED='-shared -fPIC'
SHELL='/bin/bash'
SITESEED='unknownhost'
SWIG=''
WITH_CSHARP='0'
WITH_JAVA='0'
WITH_PHP='1'
WITH_SWIG='1'
ac_ct_CC='gcc'
ac_ct_CXX='g++'
bindir='${exec_prefix}/bin'
build='i686-pc-linux-gnu'
build_alias=''
build_cpu='i686'
build_os='linux-gnu'
build_vendor='pc'
datadir='${datarootdir}'
datarootdir='${prefix}/share'
docdir='${datarootdir}/doc/${PACKAGE_TARNAME}'
dvidir='${docdir}'
exec_prefix='${prefix}'
host='i686-pc-linux-gnu'
host_alias=''
host_cpu='i686'
host_os='linux-gnu'
host_vendor='pc'
htmldir='${docdir}'
includedir='${prefix}/include'
infodir='${datarootdir}/info'
libdir='${exec_prefix}/lib'
libexecdir='${exec_prefix}/libexec'
localedir='${datarootdir}/locale'
localstatedir='${prefix}/var'
mandir='${datarootdir}/man'
oldincludedir='/usr/include'
pdfdir='${docdir}'
prefix='/usr/local'
program_transform_name='s,x,x,'
psdir='${docdir}'
sbindir='${exec_prefix}/sbin'
sharedstatedir='${prefix}/com'
sysconfdir='${prefix}/etc'
target_alias=''

## ----------- ##
## confdefs.h. ##
## ----------- ##

#define PACKAGE_NAME "Indri"
#define PACKAGE_TARNAME "indri"
#define PACKAGE_VERSION "2.11"
#define PACKAGE_STRING "Indri 2.11"
#define PACKAGE_BUGREPORT "indri-info@ciir.cs.umass.edu"
#define INDRI_STANDALONE 1
#define HAVE_LIBM 1
#define HAVE_LIBPTHREAD 1
#define HAVE_LIBZ 1
#define HAVE_NAMESPACES
#define ISNAN_IN_NAMESPACE_STD
#define STDC_HEADERS 1
#define HAVE_SYS_TYPES_H 1
#define HAVE_SYS_STAT_H 1
#define HAVE_STDLIB_H 1
#define HAVE_STRING_H 1
#define HAVE_MEMORY_H 1
#define HAVE_STRINGS_H 1
#define HAVE_INTTYPES_H 1
#define HAVE_STDINT_H 1
#define HAVE_UNISTD_H 1
#define _FILE_OFFSET_BITS 64
#define HAVE_FSEEKO 1
#define HAVE_EXT_ATOMICITY_H 1
#define P_NEEDS_GNU_CXX_NAMESPACE 1
#define HAVE_MKSTEMP 1
#define NDEBUG 1

configure: exit 0
